{"level":"info","message":"✅ Mounted route: /home/cms","timestamp":"2025-09-16T16:04:05.440Z"}
{"level":"info","message":"✅ Mounted route: /projects","timestamp":"2025-09-16T16:04:05.445Z"}
{"level":"info","message":"✅ Mounted route: /skills","timestamp":"2025-09-16T16:04:05.447Z"}
{"level":"info","message":"✅ Mounted route: /users","timestamp":"2025-09-16T16:04:05.450Z"}
{"level":"info","message":"server synced","timestamp":"2025-09-16T16:04:05.930Z"}
{"level":"info","message":"Server listening on http://localhost:4000","timestamp":"2025-09-16T16:04:05.934Z"}
{"level":"info","message":"✅ Mounted route: /home/cms","timestamp":"2025-09-16T16:04:11.208Z"}
{"level":"info","message":"✅ Mounted route: /projects","timestamp":"2025-09-16T16:04:11.214Z"}
{"level":"info","message":"✅ Mounted route: /skills","timestamp":"2025-09-16T16:04:11.217Z"}
{"level":"info","message":"✅ Mounted route: /users","timestamp":"2025-09-16T16:04:11.220Z"}
{"level":"info","message":"server synced","timestamp":"2025-09-16T16:04:11.736Z"}
{"level":"info","message":"Server listening on http://localhost:4000","timestamp":"2025-09-16T16:04:11.740Z"}
{"level":"info","message":"✅ Mounted route: /home/cms","timestamp":"2025-09-16T16:05:02.868Z"}
{"level":"info","message":"✅ Mounted route: /projects","timestamp":"2025-09-16T16:05:02.873Z"}
{"level":"info","message":"✅ Mounted route: /skills","timestamp":"2025-09-16T16:05:02.875Z"}
{"level":"info","message":"✅ Mounted route: /users","timestamp":"2025-09-16T16:05:02.878Z"}
{"level":"info","message":"server synced","timestamp":"2025-09-16T16:05:03.596Z"}
{"level":"info","message":"Server listening on http://localhost:4000","timestamp":"2025-09-16T16:05:03.601Z"}
{"level":"info","message":"✅ Mounted route: /home/cms","timestamp":"2025-09-16T16:05:16.105Z"}
{"level":"info","message":"✅ Mounted route: /projects","timestamp":"2025-09-16T16:05:16.110Z"}
{"level":"info","message":"✅ Mounted route: /skills","timestamp":"2025-09-16T16:05:16.113Z"}
{"level":"info","message":"✅ Mounted route: /users","timestamp":"2025-09-16T16:05:16.115Z"}
{"level":"info","message":"server synced","timestamp":"2025-09-16T16:05:16.528Z"}
{"level":"info","message":"Server listening on http://localhost:4000","timestamp":"2025-09-16T16:05:16.531Z"}
{"level":"info","message":"✅ Mounted route: /home/cms","timestamp":"2025-09-16 21:36:39"}
{"level":"info","message":"✅ Mounted route: /projects","timestamp":"2025-09-16 21:36:39"}
{"level":"info","message":"✅ Mounted route: /skills","timestamp":"2025-09-16 21:36:39"}
{"level":"info","message":"✅ Mounted route: /users","timestamp":"2025-09-16 21:36:39"}
{"level":"info","message":"server synced","timestamp":"2025-09-16 21:36:40"}
{"level":"info","message":"Server listening on http://localhost:4000","timestamp":"2025-09-16 21:36:40"}
{"level":"info","message":"✅ Mounted route: /home/cms","timestamp":"2025-09-16 21:37:14"}
{"level":"info","message":"✅ Mounted route: /projects","timestamp":"2025-09-16 21:37:14"}
{"level":"info","message":"✅ Mounted route: /skills","timestamp":"2025-09-16 21:37:14"}
{"level":"info","message":"✅ Mounted route: /users","timestamp":"2025-09-16 21:37:14"}
{"level":"info","message":"server synced","timestamp":"2025-09-16 21:37:14"}
{"level":"info","message":"Server listening on http://localhost:4000","timestamp":"2025-09-16 21:37:14"}
{"level":"info","message":"✅ Mounted route: /home/cms","timestamp":"2025-09-16 21:37:29"}
{"level":"info","message":"✅ Mounted route: /projects","timestamp":"2025-09-16 21:37:29"}
{"level":"info","message":"✅ Mounted route: /skills","timestamp":"2025-09-16 21:37:29"}
{"level":"info","message":"✅ Mounted route: /users","timestamp":"2025-09-16 21:37:29"}
{"level":"info","message":"server synced","timestamp":"2025-09-16 21:37:30"}
{"level":"info","message":"Server listening on http://localhost:4000","timestamp":"2025-09-16 21:37:30"}
