{"level":"error","message":"POST /api/home/cms - Failed to create CMS item","statusCode":500,"timestamp":"2025-09-16 22:38:49"}
{"level":"error","message":"POST /api/home/cms - Failed to create CMS item","statusCode":500,"timestamp":"2025-09-16 22:39:07"}
{"level":"error","message":"POST /api/home/cms - Failed to create CMS item","statusCode":500,"timestamp":"2025-09-16 22:39:51"}
{"level":"error","message":"POST /api/home/cms - Failed to create CMS item","statusCode":500,"timestamp":"2025-09-16 22:41:22"}
{"level":"error","message":"POST /api/home/cms - No data provided","statusCode":500,"timestamp":"2025-09-16 22:43:10"}
{"level":"error","message":"POST /api/home/cms - No data provided","statusCode":500,"timestamp":"2025-09-16 22:43:29"}
{"level":"error","message":"POST /api/home/cms - No data provided","statusCode":500,"timestamp":"2025-09-16 22:44:26"}
{"level":"error","message":"❌ Failed to load route /home/cms:","timestamp":"2025-09-16 22:46:03"}
{"level":"error","message":"❌ Failed to load route /projects:","timestamp":"2025-09-16 22:46:04"}
{"level":"error","message":"❌ Failed to load route /home/cms:","timestamp":"2025-09-16 22:46:11"}
{"level":"error","message":"❌ Failed to load route /projects:","timestamp":"2025-09-16 22:46:11"}
{"level":"error","message":"❌ Failed to load route /home/cms:","timestamp":"2025-09-16 22:46:17"}
{"level":"error","message":"❌ Failed to load route /projects:","timestamp":"2025-09-16 22:46:17"}
{"level":"error","message":"❌ Failed to load route /home/cms:","timestamp":"2025-09-16 22:46:19"}
{"level":"error","message":"❌ Failed to load route /projects:","timestamp":"2025-09-16 22:46:19"}
{"level":"error","message":"❌ Failed to load route /home/cms:","timestamp":"2025-09-16 22:46:23"}
{"level":"error","message":"❌ Failed to load route /projects:","timestamp":"2025-09-16 22:46:23"}
{"level":"error","message":"❌ Failed to load route /home/cms:","timestamp":"2025-09-16 22:46:29"}
{"level":"error","message":"❌ Failed to load route /projects:","timestamp":"2025-09-16 22:46:29"}
{"level":"error","message":"❌ Failed to load route /home/cms:","timestamp":"2025-09-16 22:46:36"}
{"level":"error","message":"❌ Failed to load route /projects:","timestamp":"2025-09-16 22:46:36"}
{"level":"error","message":"❌ Failed to load route /home/cms:","timestamp":"2025-09-16 22:46:43"}
{"level":"error","message":"❌ Failed to load route /projects:","timestamp":"2025-09-16 22:46:43"}
{"level":"error","message":"❌ Failed to load route /home/cms:","timestamp":"2025-09-16 22:46:48"}
{"level":"error","message":"❌ Failed to load route /projects:","timestamp":"2025-09-16 22:46:48"}
{"level":"error","message":"❌ Failed to load route /home/cms:","timestamp":"2025-09-16 22:47:14"}
{"level":"error","message":"❌ Failed to load route /projects:","timestamp":"2025-09-16 22:47:14"}
{"level":"error","message":"❌ Failed to load route /home/cms:","timestamp":"2025-09-16 22:47:18"}
{"level":"error","message":"❌ Failed to load route /projects:","timestamp":"2025-09-16 22:47:18"}
{"level":"error","message":"❌ Failed to load route /home/cms:","timestamp":"2025-09-16 22:47:22"}
{"level":"error","message":"❌ Failed to load route /projects:","timestamp":"2025-09-16 22:47:22"}
{"level":"error","message":"❌ Failed to load route /home/cms:","timestamp":"2025-09-16 22:47:26"}
{"level":"error","message":"❌ Failed to load route /projects:","timestamp":"2025-09-16 22:47:26"}
{"level":"error","message":"❌ Failed to load route /home/cms:","timestamp":"2025-09-16 22:47:37"}
{"level":"error","message":"❌ Failed to load route /projects:","timestamp":"2025-09-16 22:47:37"}
{"level":"error","message":"❌ Failed to load route /home/cms:","timestamp":"2025-09-16 22:47:40"}
{"level":"error","message":"❌ Failed to load route /projects:","timestamp":"2025-09-16 22:47:40"}
{"level":"error","message":"❌ Failed to load route /home/cms:","timestamp":"2025-09-16 22:47:43"}
{"level":"error","message":"❌ Failed to load route /projects:","timestamp":"2025-09-16 22:47:43"}
{"level":"error","message":"❌ Failed to load route /home/cms:","timestamp":"2025-09-16 22:47:55"}
{"level":"error","message":"❌ Failed to load route /projects:","timestamp":"2025-09-16 22:47:55"}
{"level":"error","message":"❌ Failed to load route /home/cms:","timestamp":"2025-09-16 22:48:05"}
{"level":"error","message":"❌ Failed to load route /projects:","timestamp":"2025-09-16 22:48:05"}
{"level":"error","message":"❌ Failed to load route /home/cms:","timestamp":"2025-09-16 22:48:16"}
{"level":"error","message":"❌ Failed to load route /projects:","timestamp":"2025-09-16 22:48:16"}
{"level":"error","message":"❌ Failed to load route /home/cms:","timestamp":"2025-09-16 22:48:19"}
{"level":"error","message":"❌ Failed to load route /projects:","timestamp":"2025-09-16 22:48:19"}
{"level":"error","message":"❌ Failed to load route /home/cms:","timestamp":"2025-09-16 22:48:36"}
{"level":"error","message":"❌ Failed to load route /projects:","timestamp":"2025-09-16 22:48:36"}
{"level":"error","message":"❌ Failed to load route /home/cms:","timestamp":"2025-09-16 22:48:39"}
{"level":"error","message":"❌ Failed to load route /projects:","timestamp":"2025-09-16 22:48:39"}
{"level":"error","message":"❌ Failed to load route /home/cms:","timestamp":"2025-09-16 22:48:50"}
{"level":"error","message":"❌ Failed to load route /projects:","timestamp":"2025-09-16 22:48:50"}
{"level":"error","message":"❌ Failed to load route /home/cms:","timestamp":"2025-09-16 22:49:07"}
{"level":"error","message":"❌ Failed to load route /projects:","timestamp":"2025-09-16 22:49:07"}
{"level":"error","message":"❌ Failed to load route /projects:","timestamp":"2025-09-16 22:49:20"}
{"level":"error","message":"❌ Failed to load route /projects:","timestamp":"2025-09-16 22:50:18"}
{"level":"error","message":"❌ Failed to load route /projects:","timestamp":"2025-09-16 22:50:20"}
{"level":"error","message":"❌ Failed to load route /projects:","timestamp":"2025-09-16 22:50:24"}
{"level":"error","message":"❌ Failed to load route /projects:","timestamp":"2025-09-16 22:50:33"}
{"level":"error","message":"❌ Failed to load route /projects:","timestamp":"2025-09-16 22:51:14"}
{"level":"error","message":"❌ Failed to load route /projects:","timestamp":"2025-09-16 22:52:59"}
{"level":"error","message":"❌ Failed to load route /projects:","timestamp":"2025-09-16 22:53:57"}
{"level":"error","message":"❌ Failed to load route /home/cms:","timestamp":"2025-09-16 22:54:57"}
{"level":"error","message":"❌ Failed to load route /projects:","timestamp":"2025-09-16 22:54:57"}
{"level":"error","message":"❌ Failed to load route /projects:","timestamp":"2025-09-16 22:54:59"}
{"level":"error","message":"❌ Failed to load route /projects:","timestamp":"2025-09-16 22:56:08"}
{"level":"error","message":"❌ Failed to load route /projects:","timestamp":"2025-09-16 22:56:13"}
{"level":"error","message":"❌ Failed to load route /projects:","timestamp":"2025-09-16 22:56:25"}
{"level":"error","message":"❌ Failed to load route /projects:","timestamp":"2025-09-16 22:56:43"}
{"level":"error","message":"❌ Failed to load route /home/cms:","timestamp":"2025-09-16 22:56:51"}
{"level":"error","message":"❌ Failed to load route /projects:","timestamp":"2025-09-16 22:56:51"}
{"level":"error","message":"❌ Failed to load route /projects:","timestamp":"2025-09-16 22:56:55"}
{"level":"error","message":"❌ Failed to load route /projects:","timestamp":"2025-09-16 22:57:13"}
{"level":"error","message":"❌ Failed to load route /projects:","timestamp":"2025-09-16 22:57:24"}
{"level":"error","message":"❌ Failed to load route /projects:","timestamp":"2025-09-16 22:57:31"}
{"level":"error","message":"❌ Failed to load route /home/cms:","timestamp":"2025-09-16 22:59:19"}
{"level":"error","message":"❌ Failed to load route /projects:","timestamp":"2025-09-16 22:59:19"}
{"level":"error","message":"❌ Failed to load route /projects:","timestamp":"2025-09-16 22:59:25"}
{"level":"error","message":"❌ Failed to load route /projects:","timestamp":"2025-09-16 22:59:28"}
{"level":"error","message":"❌ Failed to load route /projects:","timestamp":"2025-09-16 22:59:40"}
{"level":"error","message":"❌ Failed to load route /projects:","timestamp":"2025-09-16 22:59:45"}
{"level":"error","message":"❌ Failed to load route /projects:","timestamp":"2025-09-16 22:59:56"}
{"level":"error","message":"❌ Failed to load route /projects:","timestamp":"2025-09-16 23:02:40"}
{"level":"error","message":"❌ Failed to load route /projects:","timestamp":"2025-09-16 23:02:54"}
{"level":"error","message":"❌ Failed to load route /home/cms:","timestamp":"2025-09-16 23:03:13"}
{"level":"error","message":"❌ Failed to load route /projects:","timestamp":"2025-09-16 23:03:13"}
{"level":"error","message":"❌ Failed to load route /home/cms:","timestamp":"2025-09-16 23:03:17"}
{"level":"error","message":"❌ Failed to load route /projects:","timestamp":"2025-09-16 23:03:17"}
{"level":"error","message":"❌ Failed to load route /projects:","timestamp":"2025-09-16 23:03:24"}
{"level":"error","message":"❌ Failed to load route /projects:","timestamp":"2025-09-16 23:05:05"}
{"level":"error","message":"❌ Failed to load route /projects:","timestamp":"2025-09-17 21:02:34"}
{"level":"error","message":"❌ Failed to load route /projects:","timestamp":"2025-09-17 21:04:54"}
{"level":"error","message":"❌ Failed to load route /projects:","timestamp":"2025-09-17 21:05:05"}
{"level":"error","message":"❌ Failed to load route /projects:","timestamp":"2025-09-17 21:05:24"}
{"level":"error","message":"❌ Failed to load route /projects:","timestamp":"2025-09-17 21:05:34"}
{"level":"error","message":"❌ Failed to load route /projects:","timestamp":"2025-09-17 21:06:53"}
{"level":"error","message":"❌ Failed to load route /projects:","timestamp":"2025-09-17 21:06:59"}
{"level":"error","message":"❌ Failed to load route /projects:","timestamp":"2025-09-17 21:07:02"}
{"level":"error","message":"❌ Failed to load route /projects:","timestamp":"2025-09-17 21:07:19"}
{"level":"error","message":"❌ Failed to load route /home/cms:","timestamp":"2025-09-17 21:09:21"}
{"level":"error","message":"❌ Failed to load route /projects:","timestamp":"2025-09-17 21:09:21"}
{"level":"error","message":"❌ Failed to load route /projects:","timestamp":"2025-09-17 21:09:23"}
{"level":"error","message":"❌ Failed to load route /home/cms:","timestamp":"2025-09-17 21:09:27"}
{"level":"error","message":"❌ Failed to load route /projects:","timestamp":"2025-09-17 21:09:27"}
{"level":"error","message":"❌ Failed to load route /home/cms:","timestamp":"2025-09-17 21:09:29"}
{"level":"error","message":"❌ Failed to load route /projects:","timestamp":"2025-09-17 21:09:29"}
{"level":"error","message":"❌ Failed to load route /home/cms:","timestamp":"2025-09-17 21:09:30"}
{"level":"error","message":"❌ Failed to load route /projects:","timestamp":"2025-09-17 21:09:30"}
{"level":"error","message":"❌ Failed to load route /home/cms:","timestamp":"2025-09-17 21:09:32"}
{"level":"error","message":"❌ Failed to load route /projects:","timestamp":"2025-09-17 21:09:32"}
{"level":"error","message":"❌ Failed to load route /projects:","timestamp":"2025-09-17 21:09:34"}
{"level":"error","message":"❌ Failed to load route /projects:","timestamp":"2025-09-17 21:09:37"}
{"level":"error","message":"❌ Failed to load route /projects:","timestamp":"2025-09-17 21:09:39"}
{"level":"error","message":"❌ Failed to load route /projects:","timestamp":"2025-09-17 21:16:11"}
{"level":"error","message":"❌ Failed to load route /projects:","timestamp":"2025-09-17 21:16:14"}
{"level":"error","message":"❌ Failed to load route /projects:","timestamp":"2025-09-17 21:17:44"}
{"level":"error","message":"❌ Failed to load route /projects:","timestamp":"2025-09-17 21:17:45"}
{"level":"error","message":"❌ Failed to load route /projects:","timestamp":"2025-09-17 21:17:57"}
{"level":"error","message":"❌ Failed to load route /projects:","timestamp":"2025-09-17 21:18:02"}
{"level":"error","message":"❌ Failed to load route /projects:","timestamp":"2025-09-17 21:18:50"}
{"level":"error","message":"❌ Failed to load route /home/cms:","timestamp":"2025-09-17 21:18:52"}
{"level":"error","message":"❌ Failed to load route /projects:","timestamp":"2025-09-17 21:18:52"}
{"level":"error","message":"❌ Failed to load route /projects:","timestamp":"2025-09-17 21:18:55"}
{"level":"error","message":"❌ Failed to load route /projects:","timestamp":"2025-09-17 21:19:19"}
{"level":"error","message":"❌ Failed to load route /projects:","timestamp":"2025-09-17 21:19:29"}
{"level":"error","message":"❌ Failed to load route /projects:","timestamp":"2025-09-17 21:19:33"}
{"level":"error","message":"❌ Failed to load route /projects:","timestamp":"2025-09-17 21:20:30"}
{"level":"error","message":"❌ Failed to load route /projects:","timestamp":"2025-09-17 21:20:38"}
{"level":"error","message":"❌ Failed to load route /home/cms:","timestamp":"2025-09-17 21:22:15"}
{"level":"error","message":"❌ Failed to load route /projects:","timestamp":"2025-09-17 21:22:15"}
{"level":"error","message":"❌ Failed to load route /projects:","timestamp":"2025-09-17 21:24:40"}
{"level":"error","message":"❌ Failed to load route /projects:","timestamp":"2025-09-17 21:25:03"}
{"level":"error","message":"❌ Failed to load route /projects:","timestamp":"2025-09-17 21:25:06"}
{"level":"error","message":"❌ Failed to load route /projects:","timestamp":"2025-09-17 21:25:08"}
{"level":"error","message":"❌ Failed to load route /projects:","timestamp":"2025-09-17 21:25:12"}
{"level":"error","message":"❌ Failed to load route /projects:","timestamp":"2025-09-17 21:25:15"}
{"level":"error","message":"❌ Failed to load route /projects:","timestamp":"2025-09-17 21:25:18"}
{"level":"error","message":"❌ Failed to load route /projects:","timestamp":"2025-09-17 21:25:30"}
{"level":"error","message":"❌ Failed to load route /projects:","timestamp":"2025-09-17 21:25:32"}
{"level":"error","message":"❌ Failed to load route /projects:","timestamp":"2025-09-17 21:25:36"}
{"level":"error","message":"❌ Failed to load route /projects:","timestamp":"2025-09-17 21:25:57"}
{"level":"error","message":"❌ Failed to load route /projects:","timestamp":"2025-09-17 21:26:49"}
{"level":"error","message":"❌ Failed to load route /projects:","timestamp":"2025-09-17 21:27:00"}
{"level":"error","message":"❌ Failed to load route /projects:","timestamp":"2025-09-17 21:27:22"}
{"level":"error","message":"❌ Failed to load route /projects:","timestamp":"2025-09-17 21:27:30"}
{"level":"error","message":"❌ Failed to load route /home/cms:","timestamp":"2025-09-17 21:27:47"}
{"level":"error","message":"❌ Failed to load route /projects:","timestamp":"2025-09-17 21:27:47"}
{"level":"error","message":"❌ Failed to load route /projects:","timestamp":"2025-09-17 21:27:51"}
{"level":"error","message":"❌ Failed to load route /projects:","timestamp":"2025-09-17 21:30:01"}
{"level":"error","message":"❌ Failed to load route /home/cms:","timestamp":"2025-09-17 21:31:33"}
{"level":"error","message":"❌ Failed to load route /projects:","timestamp":"2025-09-17 21:31:33"}
{"level":"error","message":"❌ Failed to load route /projects:","timestamp":"2025-09-17 21:31:35"}
{"level":"error","message":"❌ Failed to load route /projects:","timestamp":"2025-09-17 21:31:38"}
{"level":"error","message":"❌ Failed to load route /home/cms:","timestamp":"2025-09-17 21:33:28"}
{"level":"error","message":"❌ Failed to load route /projects:","timestamp":"2025-09-17 21:33:28"}
{"level":"error","message":"❌ Failed to load route /home/cms:","timestamp":"2025-09-17 21:33:29"}
{"level":"error","message":"❌ Failed to load route /projects:","timestamp":"2025-09-17 21:33:29"}
{"level":"error","message":"❌ Failed to load route /home/cms:","timestamp":"2025-09-17 21:33:33"}
{"level":"error","message":"❌ Failed to load route /projects:","timestamp":"2025-09-17 21:33:33"}
{"level":"error","message":"❌ Failed to load route /projects:","timestamp":"2025-09-17 21:33:37"}
{"level":"error","message":"❌ Failed to load route /projects:","timestamp":"2025-09-17 21:33:49"}
{"level":"error","message":"❌ Failed to load route /home/cms:","timestamp":"2025-09-17 21:35:40"}
{"level":"error","message":"❌ Failed to load route /projects:","timestamp":"2025-09-17 21:35:40"}
{"level":"error","message":"❌ Failed to load route /home/cms:","timestamp":"2025-09-17 21:37:48"}
{"level":"error","message":"❌ Failed to load route /projects:","timestamp":"2025-09-17 21:37:48"}
{"level":"error","message":"❌ Failed to load route /home/cms:","timestamp":"2025-09-17 21:37:49"}
{"level":"error","message":"❌ Failed to load route /projects:","timestamp":"2025-09-17 21:37:49"}
{"level":"error","message":"❌ Failed to load route /home/cms:","timestamp":"2025-09-17 21:37:53"}
{"level":"error","message":"❌ Failed to load route /projects:","timestamp":"2025-09-17 21:37:53"}
{"level":"error","message":"❌ Failed to load route /home/cms:","timestamp":"2025-09-17 21:37:55"}
{"level":"error","message":"❌ Failed to load route /projects:","timestamp":"2025-09-17 21:37:55"}
{"level":"error","message":"❌ Failed to load route /home/cms:","timestamp":"2025-09-17 21:37:59"}
{"level":"error","message":"❌ Failed to load route /projects:","timestamp":"2025-09-17 21:37:59"}
{"level":"error","message":"❌ Failed to load route /home/cms:","timestamp":"2025-09-17 21:38:01"}
{"level":"error","message":"❌ Failed to load route /projects:","timestamp":"2025-09-17 21:38:01"}
{"level":"error","message":"❌ Failed to load route /home/cms:","timestamp":"2025-09-17 21:38:06"}
{"level":"error","message":"❌ Failed to load route /projects:","timestamp":"2025-09-17 21:38:06"}
{"level":"error","message":"❌ Failed to load route /home/cms:","timestamp":"2025-09-17 21:38:22"}
{"level":"error","message":"❌ Failed to load route /projects:","timestamp":"2025-09-17 21:38:23"}
{"level":"error","message":"❌ Failed to load route /home/cms:","timestamp":"2025-09-17 21:38:35"}
{"level":"error","message":"❌ Failed to load route /projects:","timestamp":"2025-09-17 21:38:35"}
{"level":"error","message":"❌ Failed to load route /home/cms:","timestamp":"2025-09-17 21:39:09"}
{"level":"error","message":"❌ Failed to load route /projects:","timestamp":"2025-09-17 21:39:09"}
{"level":"error","message":"❌ Failed to load route /home/cms:","timestamp":"2025-09-17 21:39:12"}
{"level":"error","message":"❌ Failed to load route /projects:","timestamp":"2025-09-17 21:39:12"}
{"level":"error","message":"❌ Failed to load route /home/cms:","timestamp":"2025-09-17 21:39:35"}
{"level":"error","message":"❌ Failed to load route /projects:","timestamp":"2025-09-17 21:39:35"}
{"level":"error","message":"❌ Failed to load route /home/cms:","timestamp":"2025-09-17 21:39:38"}
{"level":"error","message":"❌ Failed to load route /projects:","timestamp":"2025-09-17 21:39:38"}
{"level":"error","message":"❌ Failed to load route /home/cms:","timestamp":"2025-09-17 21:39:40"}
{"level":"error","message":"❌ Failed to load route /projects:","timestamp":"2025-09-17 21:39:40"}
{"level":"error","message":"❌ Failed to load route /home/cms:","timestamp":"2025-09-17 21:39:45"}
{"level":"error","message":"❌ Failed to load route /projects:","timestamp":"2025-09-17 21:39:45"}
{"level":"error","message":"❌ Failed to load route /projects:","timestamp":"2025-09-17 21:40:21"}
{"level":"error","message":"❌ Failed to load route /home/cms:","timestamp":"2025-09-17 21:40:51"}
{"level":"error","message":"❌ Failed to load route /projects:","timestamp":"2025-09-17 21:40:51"}
{"level":"error","message":"❌ Failed to load route /projects:","timestamp":"2025-09-17 21:41:02"}
{"level":"error","message":"❌ Failed to load route /projects:","timestamp":"2025-09-17 21:41:35"}
{"level":"error","message":"❌ Failed to load route /projects:","timestamp":"2025-09-17 21:41:37"}
{"level":"error","message":"❌ Failed to load route /home/cms:","timestamp":"2025-09-17 21:41:46"}
{"level":"error","message":"❌ Failed to load route /projects:","timestamp":"2025-09-17 21:41:46"}
{"level":"error","message":"❌ Failed to load route /home/cms:","timestamp":"2025-09-17 21:41:47"}
{"level":"error","message":"❌ Failed to load route /projects:","timestamp":"2025-09-17 21:41:47"}
{"level":"error","message":"❌ Failed to load route /projects:","timestamp":"2025-09-17 21:41:50"}
{"level":"error","message":"❌ Failed to load route /projects:","timestamp":"2025-09-17 21:41:59"}
{"level":"error","message":"❌ Failed to load route /projects:","timestamp":"2025-09-17 21:42:26"}
{"level":"error","message":"❌ Failed to load route /projects:","timestamp":"2025-09-17 21:42:41"}
{"level":"error","message":"❌ Failed to load route /projects:","timestamp":"2025-09-17 21:42:43"}
{"level":"error","message":"❌ Failed to load route /projects:","timestamp":"2025-09-17 21:43:04"}
{"level":"error","message":"❌ Failed to load route /home/cms:","timestamp":"2025-09-17 21:45:17"}
{"level":"error","message":"❌ Failed to load route /projects:","timestamp":"2025-09-17 21:45:17"}
{"level":"error","message":"❌ Failed to load route /home/cms:","timestamp":"2025-09-17 21:48:10"}
{"level":"error","message":"❌ Failed to load route /projects:","timestamp":"2025-09-17 21:48:10"}
{"level":"error","message":"❌ Failed to load route /home/cms:","timestamp":"2025-09-17 21:48:26"}
{"level":"error","message":"❌ Failed to load route /projects:","timestamp":"2025-09-17 21:48:26"}
{"level":"error","message":"❌ Failed to load route /home/cms:","timestamp":"2025-09-17 21:48:29"}
{"level":"error","message":"❌ Failed to load route /projects:","timestamp":"2025-09-17 21:48:29"}
{"level":"error","message":"❌ Failed to load route /home/cms:","timestamp":"2025-09-17 21:48:37"}
{"level":"error","message":"❌ Failed to load route /projects:","timestamp":"2025-09-17 21:48:37"}
{"level":"error","message":"❌ Failed to load route /home/cms:","timestamp":"2025-09-17 21:48:39"}
{"level":"error","message":"❌ Failed to load route /projects:","timestamp":"2025-09-17 21:48:39"}
{"level":"error","message":"❌ Failed to load route /home/cms:","timestamp":"2025-09-17 21:49:26"}
{"level":"error","message":"❌ Failed to load route /projects:","timestamp":"2025-09-17 21:49:26"}
{"level":"error","message":"❌ Failed to load route /home/cms:","timestamp":"2025-09-17 21:54:44"}
{"level":"error","message":"❌ Failed to load route /projects:","timestamp":"2025-09-17 21:54:44"}
{"level":"error","message":"❌ Failed to load route /home/cms:","timestamp":"2025-09-17 21:54:45"}
{"level":"error","message":"❌ Failed to load route /projects:","timestamp":"2025-09-17 21:54:45"}
{"level":"error","message":"❌ Failed to load route /home/cms:","timestamp":"2025-09-17 21:55:12"}
{"level":"error","message":"❌ Failed to load route /projects:","timestamp":"2025-09-17 21:55:12"}
{"level":"error","message":"❌ Failed to load route /home/cms:","timestamp":"2025-09-17 21:55:15"}
{"level":"error","message":"❌ Failed to load route /projects:","timestamp":"2025-09-17 21:55:15"}
{"level":"error","message":"❌ Failed to load route /home/cms:","timestamp":"2025-09-17 21:55:20"}
{"level":"error","message":"❌ Failed to load route /projects:","timestamp":"2025-09-17 21:55:20"}
{"level":"error","message":"❌ Failed to load route /home/cms:","timestamp":"2025-09-17 21:55:22"}
{"level":"error","message":"❌ Failed to load route /projects:","timestamp":"2025-09-17 21:55:22"}
{"level":"error","message":"❌ Failed to load route /home/cms:","timestamp":"2025-09-17 21:55:26"}
{"level":"error","message":"❌ Failed to load route /projects:","timestamp":"2025-09-17 21:55:26"}
{"level":"error","message":"❌ Failed to load route /home/cms:","timestamp":"2025-09-17 21:55:27"}
{"level":"error","message":"❌ Failed to load route /projects:","timestamp":"2025-09-17 21:55:27"}
{"level":"error","message":"❌ Failed to load route /home/cms:","timestamp":"2025-09-17 21:55:30"}
{"level":"error","message":"❌ Failed to load route /projects:","timestamp":"2025-09-17 21:55:30"}
{"level":"error","message":"❌ Failed to load route /home/cms:","timestamp":"2025-09-17 21:58:16"}
{"level":"error","message":"❌ Failed to load route /projects:","timestamp":"2025-09-17 21:58:16"}
{"level":"error","message":"❌ Failed to load route /home/cms:","timestamp":"2025-09-17 21:59:18"}
{"level":"error","message":"❌ Failed to load route /projects:","timestamp":"2025-09-17 21:59:18"}
{"level":"error","message":"❌ Failed to load route /home/cms:","timestamp":"2025-09-17 21:59:23"}
{"level":"error","message":"❌ Failed to load route /projects:","timestamp":"2025-09-17 21:59:23"}
{"level":"error","message":"❌ Failed to load route /home/cms:","timestamp":"2025-09-17 22:00:07"}
{"level":"error","message":"❌ Failed to load route /projects:","timestamp":"2025-09-17 22:00:07"}
{"level":"error","message":"❌ Failed to load route /home/cms:","timestamp":"2025-09-17 22:00:11"}
{"level":"error","message":"❌ Failed to load route /projects:","timestamp":"2025-09-17 22:00:11"}
{"level":"error","message":"❌ Failed to load route /projects:","timestamp":"2025-09-17 22:00:53"}
{"level":"error","message":"❌ Failed to load route /projects:","timestamp":"2025-09-17 22:02:30"}
{"level":"error","message":"❌ Failed to load route /projects:","timestamp":"2025-09-17 22:02:33"}
{"level":"error","message":"❌ Failed to load route /projects:","timestamp":"2025-09-17 22:02:37"}
{"level":"error","message":"❌ Failed to load route /projects:","timestamp":"2025-09-17 22:02:41"}
{"level":"error","message":"❌ Failed to load route /projects:","timestamp":"2025-09-17 22:03:26"}
{"level":"error","message":"❌ Failed to load route /projects:","timestamp":"2025-09-17 22:03:39"}
{"level":"error","message":"❌ Failed to load route /home/cms:","timestamp":"2025-09-17 22:04:09"}
{"level":"error","message":"❌ Failed to load route /projects:","timestamp":"2025-09-17 22:04:09"}
{"level":"error","message":"❌ Failed to load route /home/cms:","timestamp":"2025-09-17 22:04:19"}
{"level":"error","message":"❌ Failed to load route /projects:","timestamp":"2025-09-17 22:04:19"}
{"level":"error","message":"❌ Failed to load route /home/cms:","timestamp":"2025-09-17 22:05:54"}
{"level":"error","message":"❌ Failed to load route /projects:","timestamp":"2025-09-17 22:05:54"}
{"level":"error","message":"❌ Failed to load route /home:","timestamp":"2025-09-17 22:06:17"}
{"level":"error","message":"❌ Failed to load route /projects:","timestamp":"2025-09-17 22:06:17"}
{"level":"error","message":"❌ Failed to load route /home/cms:","timestamp":"2025-09-17 22:06:27"}
{"level":"error","message":"❌ Failed to load route /projects:","timestamp":"2025-09-17 22:06:27"}
{"level":"error","message":"❌ Failed to load route /home/cms:","timestamp":"2025-09-17 22:06:32"}
{"level":"error","message":"❌ Failed to load route /projects:","timestamp":"2025-09-17 22:06:32"}
{"level":"error","message":"❌ Failed to load route /cms:","timestamp":"2025-09-17 22:06:46"}
{"level":"error","message":"❌ Failed to load route /projects:","timestamp":"2025-09-17 22:06:46"}
{"level":"error","message":"❌ Failed to load route /cms/cms:","timestamp":"2025-09-17 22:06:58"}
{"level":"error","message":"❌ Failed to load route /projects:","timestamp":"2025-09-17 22:06:58"}
{"level":"error","message":"❌ Failed to load route /cms:","timestamp":"2025-09-17 22:07:03"}
{"level":"error","message":"❌ Failed to load route /projects:","timestamp":"2025-09-17 22:07:03"}
{"level":"error","message":"❌ Failed to load route /cms:","timestamp":"2025-09-17 22:07:06"}
{"level":"error","message":"❌ Failed to load route /projects:","timestamp":"2025-09-17 22:07:06"}
{"level":"error","message":"❌ Failed to load route /cms:","timestamp":"2025-09-17 22:07:09"}
{"level":"error","message":"❌ Failed to load route /projects:","timestamp":"2025-09-17 22:07:09"}
{"level":"error","message":"❌ Failed to load route /cms:","timestamp":"2025-09-17 22:07:11"}
{"level":"error","message":"❌ Failed to load route /projects:","timestamp":"2025-09-17 22:07:11"}
{"level":"error","message":"❌ Failed to load route /cms:","timestamp":"2025-09-17 22:07:15"}
{"level":"error","message":"❌ Failed to load route /projects:","timestamp":"2025-09-17 22:07:15"}
{"level":"error","message":"❌ Failed to load route /cms:","timestamp":"2025-09-17 22:07:16"}
{"level":"error","message":"❌ Failed to load route /projects:","timestamp":"2025-09-17 22:07:16"}
{"level":"error","message":"❌ Failed to load route /cms:","timestamp":"2025-09-17 22:07:19"}
{"level":"error","message":"❌ Failed to load route /projects:","timestamp":"2025-09-17 22:07:19"}
{"level":"error","message":"❌ Failed to load route /cms:","timestamp":"2025-09-17 22:07:20"}
{"level":"error","message":"❌ Failed to load route /projects:","timestamp":"2025-09-17 22:07:20"}
{"level":"error","message":"❌ Failed to load route /cms:","timestamp":"2025-09-17 22:07:23"}
{"level":"error","message":"❌ Failed to load route /projects:","timestamp":"2025-09-17 22:07:23"}
{"level":"error","message":"❌ Failed to load route /cms:","timestamp":"2025-09-17 22:07:27"}
{"level":"error","message":"❌ Failed to load route /projects:","timestamp":"2025-09-17 22:07:27"}
{"level":"error","message":"❌ Failed to load route /cms:","timestamp":"2025-09-17 22:07:31"}
{"level":"error","message":"❌ Failed to load route /projects:","timestamp":"2025-09-17 22:07:31"}
{"level":"error","message":"❌ Failed to load route /projects:","timestamp":"2025-09-17 22:07:33"}
{"level":"error","message":"❌ Failed to load route /projects:","timestamp":"2025-09-17 22:07:48"}
{"level":"error","message":"❌ Failed to load route /projects:","timestamp":"2025-09-17 22:07:51"}
{"level":"error","message":"❌ Failed to load route /projects:","timestamp":"2025-09-17 22:07:52"}
{"level":"error","message":"❌ Failed to load route /projects:","timestamp":"2025-09-17 22:09:57"}
{"level":"error","message":"❌ Failed to load route /projects:","timestamp":"2025-09-17 22:11:24"}
{"level":"error","message":"❌ Failed to load route /projects:","timestamp":"2025-09-17 22:12:09"}
{"level":"error","message":"❌ Failed to load route /cms:","timestamp":"2025-09-17 22:12:25"}
{"level":"error","message":"❌ Failed to load route /projects:","timestamp":"2025-09-17 22:12:25"}
{"level":"error","message":"❌ Failed to load route /cms:","timestamp":"2025-09-17 22:12:27"}
{"level":"error","message":"❌ Failed to load route /projects:","timestamp":"2025-09-17 22:12:27"}
{"level":"error","message":"❌ Failed to load route /cms:","timestamp":"2025-09-17 22:12:28"}
{"level":"error","message":"❌ Failed to load route /projects:","timestamp":"2025-09-17 22:12:28"}
{"level":"error","message":"❌ Failed to load route /cms:","timestamp":"2025-09-17 22:12:29"}
{"level":"error","message":"❌ Failed to load route /projects:","timestamp":"2025-09-17 22:12:29"}
{"level":"error","message":"❌ Failed to load route /projects:","timestamp":"2025-09-17 22:12:36"}
{"level":"error","message":"❌ Failed to load route /projects:","timestamp":"2025-09-17 22:12:51"}
{"level":"error","message":"❌ Failed to load route /cms:","timestamp":"2025-09-18 23:12:03"}
{"level":"error","message":"❌ Failed to load route /projects:","timestamp":"2025-09-18 23:12:03"}
{"level":"error","message":"❌ Failed to load route /cms:","timestamp":"2025-09-18 23:12:08"}
{"level":"error","message":"❌ Failed to load route /projects:","timestamp":"2025-09-18 23:12:08"}
{"level":"error","message":"❌ Failed to load route /projects:","timestamp":"2025-09-18 23:12:11"}
{"level":"error","message":"❌ Failed to load route /projects:","timestamp":"2025-09-18 23:13:46"}
{"level":"error","message":"POST /api/projects - invalid input syntax for type integer: \"NaN\"","statusCode":500,"timestamp":"2025-09-20 14:46:29"}
{"level":"error","message":"PUT /api/projects/2 - insert or update on table \"ProjectSkills\" violates foreign key constraint \"ProjectSkills_skill_id_fkey\"","statusCode":500,"timestamp":"2025-09-20 14:53:46"}
{"level":"error","message":"GET /api/cms - column Projects.order does not exist","statusCode":500,"timestamp":"2025-09-20 15:02:40"}
{"level":"error","message":"GET /api/cms - Cannot read properties of undefined (reading 'findAll')","statusCode":500,"timestamp":"2025-09-20 15:05:35"}
{"level":"error","message":"GET /api/cms - cms is not defined","statusCode":500,"timestamp":"2025-09-20 15:06:24"}
