0 verbose cli C:\Program Files\nodejs\node.exe C:\Users\govin\AppData\Roaming\npm\node_modules\npm\bin\npm-cli.js
1 info using npm@10.9.1
2 info using node@v22.19.0
3 silly config load:file:C:\Users\govin\AppData\Roaming\npm\node_modules\npm\npmrc
4 silly config load:file:c:\Users\govin\OneDrive\Documents\Desktop\portfolio\server\.npmrc
5 silly config load:file:C:\Users\govin\.npmrc
6 silly config load:file:C:\Users\govin\AppData\Roaming\npm\etc\npmrc
7 verbose title npm ls
8 verbose argv "ls" "--depth" "0" "--package-lock-only" "--omit" "dev" "--json"
9 verbose logfile logs-max:10 dir:c:\Users\govin\OneDrive\Documents\Desktop\portfolio\server\%USERPROFILE%\npm-cache\_logs\2025-09-28T07_23_28_244Z-
10 verbose logfile c:\Users\govin\OneDrive\Documents\Desktop\portfolio\server\%USERPROFILE%\npm-cache\_logs\2025-09-28T07_23_28_244Z-debug-0.log
11 silly logfile start cleaning logs, removing 1 files
12 silly packumentCache heap:4345298944 maxSize:1086324736 maxEntrySize:543162368
13 silly logfile done cleaning log files
14 verbose cwd c:\Users\govin\OneDrive\Documents\Desktop\portfolio\server
15 verbose os Windows_NT 10.0.26100
16 verbose node v22.19.0
17 verbose npm  v10.9.1
18 verbose exit 0
19 info ok
