0 verbose cli C:\Program Files\nodejs\node.exe C:\Users\govin\AppData\Roaming\npm\node_modules\npm\bin\npm-cli.js
1 info using npm@10.9.1
2 info using node@v22.19.0
3 silly config load:file:C:\Users\govin\AppData\Roaming\npm\node_modules\npm\npmrc
4 silly config load:file:c:\Users\govin\OneDrive\Documents\Desktop\portfolio\server\.npmrc
5 silly config load:file:C:\Users\govin\.npmrc
6 silly config load:file:C:\Users\govin\AppData\Roaming\npm\etc\npmrc
7 verbose title npm install
8 verbose argv "install" "--package-lock-only"
9 verbose logfile logs-max:10 dir:c:\Users\govin\OneDrive\Documents\Desktop\portfolio\server\%USERPROFILE%\npm-cache\_logs\2025-09-28T07_23_24_608Z-
10 verbose logfile c:\Users\govin\OneDrive\Documents\Desktop\portfolio\server\%USERPROFILE%\npm-cache\_logs\2025-09-28T07_23_24_608Z-debug-0.log
11 silly logfile start cleaning logs, removing 1 files
12 silly packumentCache heap:4345298944 maxSize:1086324736 maxEntrySize:543162368
13 silly logfile done cleaning log files
14 silly idealTree buildDeps
15 silly audit bulk request {
15 silly audit   '@colors/colors': [ '1.6.0' ],
15 silly audit   '@dabh/diagnostics': [ '2.0.3' ],
15 silly audit   '@types/debug': [ '4.1.12' ],
15 silly audit   '@types/ms': [ '2.1.0' ],
15 silly audit   '@types/node': [ '24.3.1' ],
15 silly audit   '@types/triple-beam': [ '1.3.5' ],
15 silly audit   '@types/uuid': [ '8.3.4' ],
15 silly audit   '@types/validator': [ '13.15.3' ],
15 silly audit   accepts: [ '2.0.0' ],
15 silly audit   anymatch: [ '3.1.3' ],
15 silly audit   'append-field': [ '1.0.0' ],
15 silly audit   async: [ '3.2.6' ],
15 silly audit   'balanced-match': [ '1.0.2' ],
15 silly audit   'binary-extensions': [ '2.3.0' ],
15 silly audit   'body-parser': [ '2.2.0' ],
15 silly audit   'brace-expansion': [ '1.1.12' ],
15 silly audit   braces: [ '3.0.3' ],
15 silly audit   'buffer-from': [ '1.1.2' ],
15 silly audit   busboy: [ '1.6.0' ],
15 silly audit   bytes: [ '3.1.2' ],
15 silly audit   'call-bind-apply-helpers': [ '1.0.2' ],
15 silly audit   'call-bound': [ '1.0.4' ],
15 silly audit   chokidar: [ '3.6.0' ],
15 silly audit   color: [ '3.2.1' ],
15 silly audit   'color-convert': [ '1.9.3' ],
15 silly audit   'color-name': [ '1.1.3' ],
15 silly audit   'color-string': [ '1.9.1' ],
15 silly audit   colorspace: [ '1.1.4' ],
15 silly audit   'concat-map': [ '0.0.1' ],
15 silly audit   'concat-stream': [ '2.0.0' ],
15 silly audit   'content-disposition': [ '1.0.0' ],
15 silly audit   'content-type': [ '1.0.5' ],
15 silly audit   cookie: [ '0.7.2' ],
15 silly audit   'cookie-signature': [ '1.2.2' ],
15 silly audit   cors: [ '2.8.5' ],
15 silly audit   debug: [ '4.4.1' ],
15 silly audit   depd: [ '2.0.0' ],
15 silly audit   dotenv: [ '17.2.2' ],
15 silly audit   dottie: [ '2.0.6' ],
15 silly audit   'dunder-proto': [ '1.0.1' ],
15 silly audit   'ee-first': [ '1.1.1' ],
15 silly audit   enabled: [ '2.0.0' ],
15 silly audit   encodeurl: [ '2.0.0' ],
15 silly audit   'es-define-property': [ '1.0.1' ],
15 silly audit   'es-errors': [ '1.3.0' ],
15 silly audit   'es-object-atoms': [ '1.1.1' ],
15 silly audit   'escape-html': [ '1.0.3' ],
15 silly audit   etag: [ '1.8.1' ],
15 silly audit   express: [ '5.1.0' ],
15 silly audit   'express-validator': [ '7.2.1' ],
15 silly audit   validator: [ '13.12.0', '13.15.15' ],
15 silly audit   fecha: [ '4.2.3' ],
15 silly audit   'fill-range': [ '7.1.1' ],
15 silly audit   finalhandler: [ '2.1.0' ],
15 silly audit   'fn.name': [ '1.1.0' ],
15 silly audit   forwarded: [ '0.2.0' ],
15 silly audit   fresh: [ '2.0.0' ],
15 silly audit   fsevents: [ '2.3.3' ],
15 silly audit   'function-bind': [ '1.1.2' ],
15 silly audit   'get-intrinsic': [ '1.3.0' ],
15 silly audit   'get-proto': [ '1.0.1' ],
15 silly audit   'glob-parent': [ '5.1.2' ],
15 silly audit   gopd: [ '1.2.0' ],
15 silly audit   'has-flag': [ '3.0.0' ],
15 silly audit   'has-symbols': [ '1.1.0' ],
15 silly audit   hasown: [ '2.0.2' ],
15 silly audit   'http-errors': [ '2.0.0' ],
15 silly audit   statuses: [ '2.0.1', '2.0.2' ],
15 silly audit   'iconv-lite': [ '0.6.3', '0.7.0' ],
15 silly audit   'ignore-by-default': [ '1.0.1' ],
15 silly audit   inflection: [ '1.13.4' ],
15 silly audit   inherits: [ '2.0.4' ],
15 silly audit   'ipaddr.js': [ '1.9.1' ],
15 silly audit   'is-arrayish': [ '0.3.4' ],
15 silly audit   'is-binary-path': [ '2.1.0' ],
15 silly audit   'is-extglob': [ '2.1.1' ],
15 silly audit   'is-glob': [ '4.0.3' ],
15 silly audit   'is-number': [ '7.0.0' ],
15 silly audit   'is-promise': [ '4.0.0' ],
15 silly audit   'is-stream': [ '2.0.1' ],
15 silly audit   kuler: [ '2.0.0' ],
15 silly audit   lodash: [ '4.17.21' ],
15 silly audit   logform: [ '2.7.0' ],
15 silly audit   'math-intrinsics': [ '1.1.0' ],
15 silly audit   'media-typer': [ '1.1.0', '0.3.0' ],
15 silly audit   'merge-descriptors': [ '2.0.0' ],
15 silly audit   'mime-db': [ '1.54.0', '1.52.0' ],
15 silly audit   'mime-types': [ '3.0.1', '2.1.35' ],
15 silly audit   minimatch: [ '3.1.2' ],
15 silly audit   minimist: [ '1.2.8' ],
15 silly audit   mkdirp: [ '0.5.6' ],
15 silly audit   moment: [ '2.30.1' ],
15 silly audit   'moment-timezone': [ '0.5.48' ],
15 silly audit   ms: [ '2.1.3' ],
15 silly audit   multer: [ '2.0.2' ],
15 silly audit   'type-is': [ '1.6.18', '2.0.1' ],
15 silly audit   negotiator: [ '1.0.0' ],
15 silly audit   nodemon: [ '3.1.10' ],
15 silly audit   'normalize-path': [ '3.0.0' ],
15 silly audit   'object-assign': [ '4.1.1' ],
15 silly audit   'object-inspect': [ '1.13.4' ],
15 silly audit   'on-finished': [ '2.4.1' ],
15 silly audit   once: [ '1.4.0' ],
15 silly audit   'one-time': [ '1.0.0' ],
15 silly audit   parseurl: [ '1.3.3' ],
15 silly audit   'path-to-regexp': [ '8.3.0' ],
15 silly audit   pg: [ '8.16.3' ],
15 silly audit   'pg-cloudflare': [ '1.2.7' ],
15 silly audit   'pg-connection-string': [ '2.9.1' ],
15 silly audit   'pg-hstore': [ '2.3.4' ],
15 silly audit   'pg-int8': [ '1.0.1' ],
15 silly audit   'pg-pool': [ '3.10.1' ],
15 silly audit   'pg-protocol': [ '1.10.3' ],
15 silly audit   'pg-types': [ '2.2.0' ],
15 silly audit   pgpass: [ '1.0.5' ],
15 silly audit   picomatch: [ '2.3.1' ],
15 silly audit   'postgres-array': [ '2.0.0' ],
15 silly audit   'postgres-bytea': [ '1.0.0' ],
15 silly audit   'postgres-date': [ '1.0.7' ],
15 silly audit   'postgres-interval': [ '1.2.0' ],
15 silly audit   'proxy-addr': [ '2.0.7' ],
15 silly audit   'pstree.remy': [ '1.1.8' ],
15 silly audit   qs: [ '6.14.0' ],
15 silly audit   'range-parser': [ '1.2.1' ],
15 silly audit   'raw-body': [ '3.0.1' ],
15 silly audit   'readable-stream': [ '3.6.2' ],
15 silly audit   readdirp: [ '3.6.0' ],
15 silly audit   'retry-as-promised': [ '7.1.1' ],
15 silly audit   router: [ '2.2.0' ],
15 silly audit   'safe-buffer': [ '5.2.1' ],
15 silly audit   'safe-stable-stringify': [ '2.5.0' ],
15 silly audit   'safer-buffer': [ '2.1.2' ],
15 silly audit   semver: [ '7.7.2' ],
15 silly audit   send: [ '1.2.0' ],
15 silly audit   sequelize: [ '6.37.7' ],
15 silly audit   'sequelize-pool': [ '7.1.0' ],
15 silly audit   'serve-static': [ '2.2.0' ],
15 silly audit   setprototypeof: [ '1.2.0' ],
15 silly audit   'side-channel': [ '1.1.0' ],
15 silly audit   'side-channel-list': [ '1.0.0' ],
15 silly audit   'side-channel-map': [ '1.0.1' ],
15 silly audit   'side-channel-weakmap': [ '1.0.2' ],
15 silly audit   'simple-swizzle': [ '0.2.4' ],
15 silly audit   'simple-update-notifier': [ '2.0.0' ],
15 silly audit   split2: [ '4.2.0' ],
15 silly audit   'stack-trace': [ '0.0.10' ],
15 silly audit   streamsearch: [ '1.1.0' ],
15 silly audit   string_decoder: [ '1.3.0' ],
15 silly audit   'supports-color': [ '5.5.0' ],
15 silly audit   'text-hex': [ '1.0.0' ],
15 silly audit   'to-regex-range': [ '5.0.1' ],
15 silly audit   toidentifier: [ '1.0.1' ],
15 silly audit   'toposort-class': [ '1.0.1' ],
15 silly audit   touch: [ '3.1.1' ],
15 silly audit   'triple-beam': [ '1.4.1' ],
15 silly audit   typedarray: [ '0.0.6' ],
15 silly audit   undefsafe: [ '2.0.5' ],
15 silly audit   underscore: [ '1.13.7' ],
15 silly audit   'undici-types': [ '7.10.0' ],
15 silly audit   unpipe: [ '1.0.0' ],
15 silly audit   'util-deprecate': [ '1.0.2' ],
15 silly audit   uuid: [ '8.3.2' ],
15 silly audit   uuidv4: [ '6.2.13' ],
15 silly audit   vary: [ '1.1.2' ],
15 silly audit   winston: [ '3.17.0' ],
15 silly audit   'winston-transport': [ '4.9.0' ],
15 silly audit   wkx: [ '0.5.0' ],
15 silly audit   wrappy: [ '1.0.2' ],
15 silly audit   xtend: [ '4.0.2' ]
15 silly audit }
16 http fetch POST 200 https://registry.npmjs.org/-/npm/v1/security/advisories/bulk 649ms
17 silly audit report {}
18 verbose cwd c:\Users\govin\OneDrive\Documents\Desktop\portfolio\server
19 verbose os Windows_NT 10.0.26100
20 verbose node v22.19.0
21 verbose npm  v10.9.1
22 verbose exit 0
23 info ok
