0 verbose cli C:\Program Files\nodejs\node.exe C:\Users\govin\AppData\Roaming\npm\node_modules\npm\bin\npm-cli.js
1 info using npm@10.9.1
2 info using node@v22.19.0
3 silly config load:file:C:\Users\govin\AppData\Roaming\npm\node_modules\npm\npmrc
4 silly config load:file:C:\Users\govin\OneDrive\Documents\Desktop\portfolio\server\.npmrc
5 silly config load:file:C:\Users\govin\.npmrc
6 silly config load:file:C:\Users\govin\AppData\Roaming\npm\etc\npmrc
7 verbose title npm i uuidv4
8 verbose argv "i" "uuidv4"
9 verbose logfile logs-max:10 dir:C:\Users\govin\OneDrive\Documents\Desktop\portfolio\server\%USERPROFILE%\npm-cache\_logs\2025-09-27T17_03_05_674Z-
10 verbose logfile C:\Users\govin\OneDrive\Documents\Desktop\portfolio\server\%USERPROFILE%\npm-cache\_logs\2025-09-27T17_03_05_674Z-debug-0.log
11 silly logfile start cleaning logs, removing 1 files
12 silly packumentCache heap:4345298944 maxSize:1086324736 maxEntrySize:543162368
13 silly logfile done cleaning log files
14 silly idealTree buildDeps
15 silly fetch manifest uuidv4@*
16 silly packumentCache full:https://registry.npmjs.org/uuidv4 cache-miss
17 verbose shrinkwrap failed to load node_modules/.package-lock.json missing from node_modules: node_modules/fsevents
18 http fetch GET 200 https://registry.npmjs.org/uuidv4 761ms (cache miss)
19 silly packumentCache full:https://registry.npmjs.org/uuidv4 set size:undefined disposed:false
20 silly placeDep ROOT uuidv4@6.2.13 OK for: server@1.0.0 want: *
21 silly fetch manifest @types/uuid@8.3.4
22 silly packumentCache full:https://registry.npmjs.org/@types%2fuuid cache-miss
23 http fetch GET 200 https://registry.npmjs.org/@types%2fuuid 110ms (cache miss)
24 silly packumentCache full:https://registry.npmjs.org/@types%2fuuid set size:undefined disposed:false
25 silly placeDep ROOT @types/uuid@8.3.4 OK for: uuidv4@6.2.13 want: 8.3.4
26 silly reify moves {}
27 silly audit bulk request {
27 silly audit   '@colors/colors': [ '1.6.0' ],
27 silly audit   '@dabh/diagnostics': [ '2.0.3' ],
27 silly audit   '@types/debug': [ '4.1.12' ],
27 silly audit   '@types/ms': [ '2.1.0' ],
27 silly audit   '@types/node': [ '24.3.1' ],
27 silly audit   '@types/triple-beam': [ '1.3.5' ],
27 silly audit   '@types/validator': [ '13.15.3' ],
27 silly audit   accepts: [ '2.0.0' ],
27 silly audit   anymatch: [ '3.1.3' ],
27 silly audit   'append-field': [ '1.0.0' ],
27 silly audit   async: [ '3.2.6' ],
27 silly audit   'balanced-match': [ '1.0.2' ],
27 silly audit   'binary-extensions': [ '2.3.0' ],
27 silly audit   'body-parser': [ '2.2.0' ],
27 silly audit   'brace-expansion': [ '1.1.12' ],
27 silly audit   braces: [ '3.0.3' ],
27 silly audit   'buffer-from': [ '1.1.2' ],
27 silly audit   busboy: [ '1.6.0' ],
27 silly audit   bytes: [ '3.1.2' ],
27 silly audit   'call-bind-apply-helpers': [ '1.0.2' ],
27 silly audit   'call-bound': [ '1.0.4' ],
27 silly audit   chokidar: [ '3.6.0' ],
27 silly audit   color: [ '3.2.1' ],
27 silly audit   'color-convert': [ '1.9.3' ],
27 silly audit   'color-name': [ '1.1.3' ],
27 silly audit   'color-string': [ '1.9.1' ],
27 silly audit   colorspace: [ '1.1.4' ],
27 silly audit   'concat-map': [ '0.0.1' ],
27 silly audit   'concat-stream': [ '2.0.0' ],
27 silly audit   'content-disposition': [ '1.0.0' ],
27 silly audit   'content-type': [ '1.0.5' ],
27 silly audit   cookie: [ '0.7.2' ],
27 silly audit   'cookie-signature': [ '1.2.2' ],
27 silly audit   cors: [ '2.8.5' ],
27 silly audit   debug: [ '4.4.1' ],
27 silly audit   depd: [ '2.0.0' ],
27 silly audit   dotenv: [ '17.2.2' ],
27 silly audit   dottie: [ '2.0.6' ],
27 silly audit   'dunder-proto': [ '1.0.1' ],
27 silly audit   'ee-first': [ '1.1.1' ],
27 silly audit   enabled: [ '2.0.0' ],
27 silly audit   encodeurl: [ '2.0.0' ],
27 silly audit   'es-define-property': [ '1.0.1' ],
27 silly audit   'es-errors': [ '1.3.0' ],
27 silly audit   'es-object-atoms': [ '1.1.1' ],
27 silly audit   'escape-html': [ '1.0.3' ],
27 silly audit   etag: [ '1.8.1' ],
27 silly audit   express: [ '5.1.0' ],
27 silly audit   'express-validator': [ '7.2.1' ],
27 silly audit   validator: [ '13.12.0', '13.15.15' ],
27 silly audit   fecha: [ '4.2.3' ],
27 silly audit   'fill-range': [ '7.1.1' ],
27 silly audit   finalhandler: [ '2.1.0' ],
27 silly audit   'fn.name': [ '1.1.0' ],
27 silly audit   forwarded: [ '0.2.0' ],
27 silly audit   fresh: [ '2.0.0' ],
27 silly audit   fsevents: [ '2.3.3' ],
27 silly audit   'function-bind': [ '1.1.2' ],
27 silly audit   'get-intrinsic': [ '1.3.0' ],
27 silly audit   'get-proto': [ '1.0.1' ],
27 silly audit   'glob-parent': [ '5.1.2' ],
27 silly audit   gopd: [ '1.2.0' ],
27 silly audit   'has-flag': [ '3.0.0' ],
27 silly audit   'has-symbols': [ '1.1.0' ],
27 silly audit   hasown: [ '2.0.2' ],
27 silly audit   'http-errors': [ '2.0.0' ],
27 silly audit   statuses: [ '2.0.1', '2.0.2' ],
27 silly audit   'iconv-lite': [ '0.6.3', '0.7.0' ],
27 silly audit   'ignore-by-default': [ '1.0.1' ],
27 silly audit   inflection: [ '1.13.4' ],
27 silly audit   inherits: [ '2.0.4' ],
27 silly audit   'ipaddr.js': [ '1.9.1' ],
27 silly audit   'is-arrayish': [ '0.3.4' ],
27 silly audit   'is-binary-path': [ '2.1.0' ],
27 silly audit   'is-extglob': [ '2.1.1' ],
27 silly audit   'is-glob': [ '4.0.3' ],
27 silly audit   'is-number': [ '7.0.0' ],
27 silly audit   'is-promise': [ '4.0.0' ],
27 silly audit   'is-stream': [ '2.0.1' ],
27 silly audit   kuler: [ '2.0.0' ],
27 silly audit   lodash: [ '4.17.21' ],
27 silly audit   logform: [ '2.7.0' ],
27 silly audit   'math-intrinsics': [ '1.1.0' ],
27 silly audit   'media-typer': [ '1.1.0', '0.3.0' ],
27 silly audit   'merge-descriptors': [ '2.0.0' ],
27 silly audit   'mime-db': [ '1.54.0', '1.52.0' ],
27 silly audit   'mime-types': [ '3.0.1', '2.1.35' ],
27 silly audit   minimatch: [ '3.1.2' ],
27 silly audit   minimist: [ '1.2.8' ],
27 silly audit   mkdirp: [ '0.5.6' ],
27 silly audit   moment: [ '2.30.1' ],
27 silly audit   'moment-timezone': [ '0.5.48' ],
27 silly audit   ms: [ '2.1.3' ],
27 silly audit   multer: [ '2.0.2' ],
27 silly audit   'type-is': [ '1.6.18', '2.0.1' ],
27 silly audit   negotiator: [ '1.0.0' ],
27 silly audit   nodemon: [ '3.1.10' ],
27 silly audit   'normalize-path': [ '3.0.0' ],
27 silly audit   'object-assign': [ '4.1.1' ],
27 silly audit   'object-inspect': [ '1.13.4' ],
27 silly audit   'on-finished': [ '2.4.1' ],
27 silly audit   once: [ '1.4.0' ],
27 silly audit   'one-time': [ '1.0.0' ],
27 silly audit   parseurl: [ '1.3.3' ],
27 silly audit   'path-to-regexp': [ '8.3.0' ],
27 silly audit   pg: [ '8.16.3' ],
27 silly audit   'pg-cloudflare': [ '1.2.7' ],
27 silly audit   'pg-connection-string': [ '2.9.1' ],
27 silly audit   'pg-hstore': [ '2.3.4' ],
27 silly audit   'pg-int8': [ '1.0.1' ],
27 silly audit   'pg-pool': [ '3.10.1' ],
27 silly audit   'pg-protocol': [ '1.10.3' ],
27 silly audit   'pg-types': [ '2.2.0' ],
27 silly audit   pgpass: [ '1.0.5' ],
27 silly audit   picomatch: [ '2.3.1' ],
27 silly audit   'postgres-array': [ '2.0.0' ],
27 silly audit   'postgres-bytea': [ '1.0.0' ],
27 silly audit   'postgres-date': [ '1.0.7' ],
27 silly audit   'postgres-interval': [ '1.2.0' ],
27 silly audit   'proxy-addr': [ '2.0.7' ],
27 silly audit   'pstree.remy': [ '1.1.8' ],
27 silly audit   qs: [ '6.14.0' ],
27 silly audit   'range-parser': [ '1.2.1' ],
27 silly audit   'raw-body': [ '3.0.1' ],
27 silly audit   'readable-stream': [ '3.6.2' ],
27 silly audit   readdirp: [ '3.6.0' ],
27 silly audit   'retry-as-promised': [ '7.1.1' ],
27 silly audit   router: [ '2.2.0' ],
27 silly audit   'safe-buffer': [ '5.2.1' ],
27 silly audit   'safe-stable-stringify': [ '2.5.0' ],
27 silly audit   'safer-buffer': [ '2.1.2' ],
27 silly audit   semver: [ '7.7.2' ],
27 silly audit   send: [ '1.2.0' ],
27 silly audit   sequelize: [ '6.37.7' ],
27 silly audit   'sequelize-pool': [ '7.1.0' ],
27 silly audit   'serve-static': [ '2.2.0' ],
27 silly audit   setprototypeof: [ '1.2.0' ],
27 silly audit   'side-channel': [ '1.1.0' ],
27 silly audit   'side-channel-list': [ '1.0.0' ],
27 silly audit   'side-channel-map': [ '1.0.1' ],
27 silly audit   'side-channel-weakmap': [ '1.0.2' ],
27 silly audit   'simple-swizzle': [ '0.2.4' ],
27 silly audit   'simple-update-notifier': [ '2.0.0' ],
27 silly audit   split2: [ '4.2.0' ],
27 silly audit   'stack-trace': [ '0.0.10' ],
27 silly audit   streamsearch: [ '1.1.0' ],
27 silly audit   string_decoder: [ '1.3.0' ],
27 silly audit   'supports-color': [ '5.5.0' ],
27 silly audit   'text-hex': [ '1.0.0' ],
27 silly audit   'to-regex-range': [ '5.0.1' ],
27 silly audit   toidentifier: [ '1.0.1' ],
27 silly audit   'toposort-class': [ '1.0.1' ],
27 silly audit   touch: [ '3.1.1' ],
27 silly audit   'triple-beam': [ '1.4.1' ],
27 silly audit   typedarray: [ '0.0.6' ],
27 silly audit   undefsafe: [ '2.0.5' ],
27 silly audit   underscore: [ '1.13.7' ],
27 silly audit   'undici-types': [ '7.10.0' ],
27 silly audit   unpipe: [ '1.0.0' ],
27 silly audit   'util-deprecate': [ '1.0.2' ],
27 silly audit   uuid: [ '8.3.2' ],
27 silly audit   vary: [ '1.1.2' ],
27 silly audit   winston: [ '3.17.0' ],
27 silly audit   'winston-transport': [ '4.9.0' ],
27 silly audit   wkx: [ '0.5.0' ],
27 silly audit   wrappy: [ '1.0.2' ],
27 silly audit   xtend: [ '4.0.2' ],
27 silly audit   uuidv4: [ '6.2.13' ],
27 silly audit   '@types/uuid': [ '8.3.4' ]
27 silly audit }
28 verbose reify failed optional dependency C:\Users\govin\OneDrive\Documents\Desktop\portfolio\server\node_modules\fsevents
29 silly reify mark deleted [
29 silly reify   'C:\\Users\\govin\\OneDrive\\Documents\\Desktop\\portfolio\\server\\node_modules\\fsevents'
29 silly reify ]
30 http cache @types/uuid@https://registry.npmjs.org/@types/uuid/-/uuid-8.3.4.tgz 0ms (cache hit)
31 http cache uuidv4@https://registry.npmjs.org/uuidv4/-/uuidv4-6.2.13.tgz 0ms (cache hit)
32 silly tarball no local data for @types/uuid@https://registry.npmjs.org/@types/uuid/-/uuid-8.3.4.tgz. Extracting by manifest.
33 silly tarball no local data for uuidv4@https://registry.npmjs.org/uuidv4/-/uuidv4-6.2.13.tgz. Extracting by manifest.
34 http fetch GET 200 https://registry.npmjs.org/@types/uuid/-/uuid-8.3.4.tgz 264ms (cache miss)
35 http fetch GET 200 https://registry.npmjs.org/uuidv4/-/uuidv4-6.2.13.tgz 284ms (cache miss)
36 warn deprecated uuidv4@6.2.13: Package no longer supported. Contact Support at https://www.npmjs.com/support for more info.
37 http fetch POST 200 https://registry.npmjs.org/-/npm/v1/security/advisories/bulk 363ms
38 silly audit report {}
39 silly ADD node_modules/@types/uuid
40 silly ADD node_modules/uuidv4
41 silly ADD
42 verbose cwd C:\Users\govin\OneDrive\Documents\Desktop\portfolio\server
43 verbose os Windows_NT 10.0.26100
44 verbose node v22.19.0
45 verbose npm  v10.9.1
46 verbose exit 0
47 info ok
