2025-09-16 21:32:33 | INFO | STATUS: - | ✅ Mounted route: /home/cms
2025-09-16 21:32:33 | INFO | STATUS: - | ✅ Mounted route: /projects
2025-09-16 21:32:33 | INFO | STATUS: - | ✅ Mounted route: /skills
2025-09-16 21:32:33 | INFO | STATUS: - | ✅ Mounted route: /users
2025-09-16 21:32:34 | INFO | STATUS: - | server synced
2025-09-16 21:32:34 | INFO | STATUS: - | Server listening on http://localhost:4000
2025-09-16 21:33:28 | INFO | STATUS: - | ✅ Mounted route: /home/cms
2025-09-16 21:33:28 | INFO | STATUS: - | ✅ Mounted route: /projects
2025-09-16 21:33:28 | INFO | STATUS: - | ✅ Mounted route: /skills
2025-09-16 21:33:28 | INFO | STATUS: - | ✅ Mounted route: /users
2025-09-16 21:33:29 | INFO | STATUS: - | server synced
2025-09-16 21:33:29 | INFO | STATUS: - | Server listening on http://localhost:4000
undefined | INFO | STATUS: - | ✅ Mounted route: /home/cms
undefined | INFO | STATUS: - | ✅ Mounted route: /projects
undefined | INFO | STATUS: - | ✅ Mounted route: /skills
undefined | INFO | STATUS: - | ✅ Mounted route: /users
undefined | INFO | STATUS: - | server synced
undefined | INFO | STATUS: - | Server listening on http://localhost:4000
undefined | INFO | STATUS: - | ✅ Mounted route: /home/cms
undefined | INFO | STATUS: - | ✅ Mounted route: /projects
undefined | INFO | STATUS: - | ✅ Mounted route: /skills
undefined | INFO | STATUS: - | ✅ Mounted route: /users
undefined | INFO | STATUS: - | server synced
undefined | INFO | STATUS: - | Server listening on http://localhost:4000
undefined | INFO | STATUS: - | ✅ Mounted route: /home/cms
undefined | INFO | STATUS: - | ✅ Mounted route: /projects
undefined | INFO | STATUS: - | ✅ Mounted route: /skills
undefined | INFO | STATUS: - | ✅ Mounted route: /users
undefined | INFO | STATUS: - | server synced
undefined | INFO | STATUS: - | Server listening on http://localhost:4000
undefined | INFO | STATUS: - | ✅ Mounted route: /home/cms
undefined | INFO | STATUS: - | ✅ Mounted route: /projects
undefined | INFO | STATUS: - | ✅ Mounted route: /skills
undefined | INFO | STATUS: - | ✅ Mounted route: /users
undefined | INFO | STATUS: - | server synced
undefined | INFO | STATUS: - | Server listening on http://localhost:4000
undefined | INFO | STATUS: - | ✅ Mounted route: /home/cms
undefined | INFO | STATUS: - | ✅ Mounted route: /projects
undefined | INFO | STATUS: - | ✅ Mounted route: /skills
undefined | INFO | STATUS: - | ✅ Mounted route: /users
undefined | INFO | STATUS: - | server synced
undefined | INFO | STATUS: - | Server listening on http://localhost:4000
undefined | INFO | STATUS: - | ✅ Mounted route: /home/cms
undefined | INFO | STATUS: - | ✅ Mounted route: /projects
undefined | INFO | STATUS: - | ✅ Mounted route: /skills
undefined | INFO | STATUS: - | ✅ Mounted route: /users
undefined | INFO | STATUS: - | server synced
undefined | INFO | STATUS: - | Server listening on http://localhost:4000
2025-09-16 21:34:36 | INFO | STATUS: - | ✅ Mounted route: /home/cms
2025-09-16 21:34:36 | INFO | STATUS: - | ✅ Mounted route: /projects
2025-09-16 21:34:36 | INFO | STATUS: - | ✅ Mounted route: /skills
2025-09-16 21:34:36 | INFO | STATUS: - | ✅ Mounted route: /users
2025-09-16 21:34:36 | INFO | STATUS: - | server synced
2025-09-16 21:34:36 | INFO | STATUS: - | Server listening on http://localhost:4000
2025-09-16 21:34:41 | INFO | STATUS: - | ✅ Mounted route: /home/cms
2025-09-16 21:34:41 | INFO | STATUS: - | ✅ Mounted route: /projects
2025-09-16 21:34:41 | INFO | STATUS: - | ✅ Mounted route: /skills
2025-09-16 21:34:41 | INFO | STATUS: - | ✅ Mounted route: /users
2025-09-16 21:34:42 | INFO | STATUS: - | server synced
2025-09-16 21:34:42 | INFO | STATUS: - | Server listening on http://localhost:4000
